Podcasts\The SubGenius Hour of Slack Podcast,2016-11-14T10:15:12
Podcasts\Dan Carlin s Hardcore History,2016-08-07T20:05:26
Podcasts\Common Sense with Dan Carlin,2016-11-11T07:30:53
Podcasts\Best of the Web  the MetaFilter Podcast,2016-11-02T01:34:50
Podcasts\Giant Bombcast,2016-10-04T23:45:00
Podcasts\Roguelike Radio,2016-10-31T22:41:33
Podcasts\Advice Hot Dog,2015-10-07T08:00:00
Podcasts\Retronauts,2016-11-14T08:00:00
Podcasts\Embedded,2016-11-16T21:13:59
Podcasts\Anime Addicts Anonymous Podcast  AAAPodcast,2016-10-05T12:15:27
Podcasts\The Zachtronics Podcast,2016-04-23T00:00:00
Podcasts\Elder Lore,2014-05-04T16:30:00
Podcasts\The Amp Hour Electronics Podcast,2016-11-18T19:30:12
Podcasts\The Kingdom of Loathing Podcast,2016-11-03T08:00:00
Podcasts\Video Games Hot Dog,2016-11-17T08:00:00
Podcasts\The Crate and Crowbar,2016-11-18T06:45:43
Podcasts\Astronomy Cast,2016-11-10T19:47:28
Podcasts\Escape Pod   Podcast Feed,2016-11-17T21:00:18
Podcasts/Advice Hot Dog,2015-10-07T08:00:00
Podcasts/Astronomy Cast,2018-03-02T19:25:24
Podcasts/Best of the Web  the MetaFilter Podcast,2018-02-28T23:01:32
Podcasts/Common Sense with Dan Carlin,2017-10-28T01:26:44
Podcasts/Dan Carlin s Hardcore History,2018-01-28T07:58:44
Podcasts/Elder Lore,2014-05-04T16:30:00
Podcasts/Embedded,2018-03-02T00:16:05
Podcasts/Escape Pod   Podcast Feed,2017-07-27T21:00:57
Podcasts/Retronauts,2017-03-21T17:53:31
Podcasts/Roguelike Radio,2018-02-06T21:11:51
Podcasts/The Amp Hour Electronics Podcast,2018-03-05T04:40:42
Podcasts/The Crate and Crowbar,2018-03-02T08:38:18
Podcasts/The Kingdom of Loathing Podcast,2018-02-15T08:00:00
Podcasts/The SubGenius Hour of Slack Podcast,2018-02-26T20:57:37
Podcasts/The Zachtronics Podcast,2016-04-23T00:00:00
Podcasts/Video Games Hot Dog,2018-02-28T08:00:00
Podcasts/Escape Pod,2018-03-01T22:00:02
